<?xml version="1.0" encoding="utf-8"?><testsuites><testsuite name="pytest" errors="0" failures="0" skipped="0" tests="2" time="1.493" timestamp="2023-03-09T22:29:43.368674" hostname="LW-MacBook-Air.local"><testcase classname="tests.test_cli_command" name="test_installation_pip" time="0.628" /><testcase classname="tests.test_cli_command" name="test_module_run" time="0.160" /></testsuite></testsuites>